;  LST file generated by mikroListExporter - v.2.0 
; Date/Time: 1/16/2022 9:52:13 PM
;----------------------------------------------

;Address Opcode 	ASM
0x0000	0x2A0A      	GOTO       522
_interrupt:
0x0004	0x00FF      	MOVWF      R15
0x0005	0x0E03      	SWAPF      STATUS, 0
0x0006	0x0183      	CLRF       STATUS
0x0007	0x00B0      	MOVWF      ___saveSTATUS
0x0008	0x080A      	MOVF       PCLATH, 0
0x0009	0x00B1      	MOVWF      ___savePCLATH
0x000A	0x018A      	CLRF       PCLATH
0x000B	0x0870      	MOVF       R0, 0
0x000C	0x00A4      	MOVWF      36
0x000D	0x0871      	MOVF       R1, 0
0x000E	0x00A3      	MOVWF      35
0x000F	0x0872      	MOVF       R2, 0
0x0010	0x00A2      	MOVWF      34
0x0011	0x0873      	MOVF       R3, 0
0x0012	0x00A1      	MOVWF      33
;projectFinal.c,55 :: 		void interrupt(void){
;projectFinal.c,57 :: 		if(INTCON&0x02){ // when an external interrupt occurs
0x0013	0x1C8B      	BTFSS      INTCON, 1
0x0014	0x281C      	GOTO       L_interrupt14
;projectFinal.c,58 :: 		move_backward();
0x0015	0x2200      	CALL       _move_backward
;projectFinal.c,59 :: 		myDelay2();
0x0016	0x21E8      	CALL       _myDelay2
;projectFinal.c,60 :: 		turn_right();
0x0017	0x2205      	CALL       _turn_right
;projectFinal.c,61 :: 		myDelay2();
0x0018	0x21E8      	CALL       _myDelay2
;projectFinal.c,62 :: 		move_forward();
0x0019	0x2100      	CALL       _move_forward
;projectFinal.c,65 :: 		INTCON = INTCON & 0xFD;// Clear the interrupt flag
0x001A	0x30FD      	MOVLW      253
0x001B	0x058B      	ANDWF      INTCON, 1
;projectFinal.c,67 :: 		}
L_interrupt14:
;projectFinal.c,70 :: 		if(INTCON&0x04){// will get here every 1ms
0x001C	0x1D0B      	BTFSS      INTCON, 2
0x001D	0x2832      	GOTO       L_interrupt15
;projectFinal.c,71 :: 		TMR0=248;
0x001E	0x30F8      	MOVLW      248
0x001F	0x0081      	MOVWF      TMR0
;projectFinal.c,72 :: 		Mcntr++;
0x0020	0x0AAB      	INCF       _Mcntr, 1
0x0021	0x1903      	BTFSC      STATUS, 2
0x0022	0x0AAC      	INCF       _Mcntr+1, 1
;projectFinal.c,73 :: 		Dcntr++;
0x0023	0x0AAD      	INCF       _Dcntr, 1
0x0024	0x1903      	BTFSC      STATUS, 2
0x0025	0x0AAE      	INCF       _Dcntr+1, 1
;projectFinal.c,74 :: 		if(Dcntr==500){
0x0026	0x082E      	MOVF       _Dcntr+1, 0
0x0027	0x3A01      	XORLW      1
0x0028	0x1D03      	BTFSS      STATUS, 2
0x0029	0x282C      	GOTO       L__interrupt37
0x002A	0x30F4      	MOVLW      244
0x002B	0x062D      	XORWF      _Dcntr, 0
L__interrupt37:
0x002C	0x1D03      	BTFSS      STATUS, 2
0x002D	0x2830      	GOTO       L_interrupt16
;projectFinal.c,75 :: 		Dcntr=0;
0x002E	0x01AD      	CLRF       _Dcntr
0x002F	0x01AE      	CLRF       _Dcntr+1
;projectFinal.c,78 :: 		}
L_interrupt16:
;projectFinal.c,79 :: 		INTCON = INTCON & 0xFB; //clear T0IF
0x0030	0x30FB      	MOVLW      251
0x0031	0x058B      	ANDWF      INTCON, 1
;projectFinal.c,80 :: 		}
L_interrupt15:
;projectFinal.c,81 :: 		}
L_end_interrupt:
L__interrupt36:
0x0032	0x0824      	MOVF       36, 0
0x0033	0x00F0      	MOVWF      R0
0x0034	0x0823      	MOVF       35, 0
0x0035	0x00F1      	MOVWF      R1
0x0036	0x0822      	MOVF       34, 0
0x0037	0x00F2      	MOVWF      R2
0x0038	0x0821      	MOVF       33, 0
0x0039	0x00F3      	MOVWF      R3
0x003A	0x0831      	MOVF       ___savePCLATH, 0
0x003B	0x008A      	MOVWF      PCLATH
0x003C	0x0E30      	SWAPF      ___saveSTATUS, 0
0x003D	0x0083      	MOVWF      STATUS
0x003E	0x0EFF      	SWAPF      R15, 1
0x003F	0x0E7F      	SWAPF      R15, 0
0x0040	0x0009      	RETFIE
; end of _interrupt
_RES032:
;__Lib_MathDouble.c,123 :: 		
;__Lib_MathDouble.c,128 :: 		
0x0041	0x01F2      	CLRF       R2
;__Lib_MathDouble.c,129 :: 		
0x0042	0x01F1      	CLRF       R1
;__Lib_MathDouble.c,130 :: 		
0x0043	0x01F0      	CLRF       R0
;__Lib_MathDouble.c,131 :: 		
0x0044	0x01F8      	CLRF       R8
;__Lib_MathDouble.c,132 :: 		
0x0045	0x01F3      	CLRF       R3
;__Lib_MathDouble.c,133 :: 		
0x0046	0x3000      	MOVLW      0
;__Lib_MathDouble.c,135 :: 		
L_end_RES032:
0x0047	0x0008      	RETURN
; end of _RES032
_SETFUN32:
;__Lib_MathDouble.c,138 :: 		
;__Lib_MathDouble.c,145 :: 		
0x0048	0x157B      	BSF        R11, 2
;__Lib_MathDouble.c,146 :: 		
0x0049	0x1FFB      	BTFSS      R11, 7
;__Lib_MathDouble.c,147 :: 		
0x004A	0x2852      	GOTO       SETFUN32EEE
;__Lib_MathDouble.c,148 :: 		
0x004B	0x3001      	MOVLW      1
;__Lib_MathDouble.c,149 :: 		
0x004C	0x00F3      	MOVWF      R3
;__Lib_MathDouble.c,150 :: 		
0x004D	0x01F2      	CLRF       R2
;__Lib_MathDouble.c,151 :: 		
0x004E	0x01F1      	CLRF       R1
;__Lib_MathDouble.c,152 :: 		
0x004F	0x01F0      	CLRF       R0
;__Lib_MathDouble.c,153 :: 		
0x0050	0x0DFA      	RLF        R10, 1
;__Lib_MathDouble.c,154 :: 		
0x0051	0x0CF2      	RRF        R2, 1
;__Lib_MathDouble.c,155 :: 		
SETFUN32EEE:
;__Lib_MathDouble.c,156 :: 		
0x0052	0x30FF      	MOVLW      255
;__Lib_MathDouble.c,158 :: 		
L_end_SETFUN32:
0x0053	0x0008      	RETURN
; end of _SETFUN32
_FIXSIGN32:
;__Lib_MathDouble.c,112 :: 		
;__Lib_MathDouble.c,116 :: 		
0x0054	0x1FFA      	BTFSS      R10, 7
;__Lib_MathDouble.c,117 :: 		
0x0055	0x13F2      	BCF        R2, 7
;__Lib_MathDouble.c,118 :: 		
0x0056	0x3000      	MOVLW      0
;__Lib_MathDouble.c,120 :: 		
L_end_FIXSIGN32:
0x0057	0x0008      	RETURN
; end of _FIXSIGN32
_SETFOV32:
;__Lib_MathDouble.c,79 :: 		
;__Lib_MathDouble.c,86 :: 		
0x0058	0x14FB      	BSF        R11, 1
;__Lib_MathDouble.c,87 :: 		
0x0059	0x1FFB      	BTFSS      R11, 7
;__Lib_MathDouble.c,88 :: 		
0x005A	0x2862      	GOTO       SETFOV32EEE
;__Lib_MathDouble.c,89 :: 		
0x005B	0x30FF      	MOVLW      255
;__Lib_MathDouble.c,90 :: 		
0x005C	0x00F3      	MOVWF      R3
;__Lib_MathDouble.c,91 :: 		
0x005D	0x00F2      	MOVWF      R2
;__Lib_MathDouble.c,92 :: 		
0x005E	0x00F1      	MOVWF      R1
;__Lib_MathDouble.c,93 :: 		
0x005F	0x00F0      	MOVWF      R0
;__Lib_MathDouble.c,94 :: 		
0x0060	0x0DFA      	RLF        R10, 1
;__Lib_MathDouble.c,95 :: 		
0x0061	0x0CF2      	RRF        R2, 1
;__Lib_MathDouble.c,96 :: 		
SETFOV32EEE:
;__Lib_MathDouble.c,97 :: 		
0x0062	0x30FF      	MOVLW      255
;__Lib_MathDouble.c,99 :: 		
L_end_SETFOV32:
0x0063	0x0008      	RETURN
; end of _SETFOV32
_SETIOV3224:
;__Lib_MathDouble.c,1000 :: 		
;__Lib_MathDouble.c,1006 :: 		
0x0064	0x147B      	BSF        R11, 0
;__Lib_MathDouble.c,1007 :: 		
0x0065	0x1FFB      	BTFSS      R11, 7
;__Lib_MathDouble.c,1008 :: 		
0x0066	0x286F      	GOTO       SETIOV3224EEE
;__Lib_MathDouble.c,1010 :: 		
0x0067	0x01F2      	CLRF       R2
;__Lib_MathDouble.c,1011 :: 		
0x0068	0x1FFA      	BTFSS      R10, 7
;__Lib_MathDouble.c,1012 :: 		
0x0069	0x30FF      	MOVLW      255
;__Lib_MathDouble.c,1013 :: 		
0x006A	0x00F2      	MOVWF      R2
;__Lib_MathDouble.c,1014 :: 		
0x006B	0x00F1      	MOVWF      R1
;__Lib_MathDouble.c,1015 :: 		
0x006C	0x00F0      	MOVWF      R0
;__Lib_MathDouble.c,1016 :: 		
0x006D	0x0DFA      	RLF        R10, 1
;__Lib_MathDouble.c,1017 :: 		
0x006E	0x0CF2      	RRF        R2, 1
;__Lib_MathDouble.c,1018 :: 		
SETIOV3224EEE:
;__Lib_MathDouble.c,1019 :: 		
0x006F	0x30FF      	MOVLW      255
;__Lib_MathDouble.c,1021 :: 		
L_end_SETIOV3224:
0x0070	0x0008      	RETURN
; end of _SETIOV3224
_NRM3232:
;__Lib_MathDouble.c,167 :: 		
;__Lib_MathDouble.c,173 :: 		
;__Lib_MathDouble.c,175 :: 		
0x0071	0x01A0      	CLRF       __math_tempbD
;__Lib_MathDouble.c,176 :: 		
0x0072	0x0872      	MOVF       R2, 0
;__Lib_MathDouble.c,177 :: 		
0x0073	0x1D03      	BTFSS      STATUS, 2
;__Lib_MathDouble.c,178 :: 		
0x0074	0x2886      	GOTO       NORM3232
;__Lib_MathDouble.c,179 :: 		
0x0075	0x0871      	MOVF       R1, 0
;__Lib_MathDouble.c,180 :: 		
0x0076	0x00F2      	MOVWF      R2
;__Lib_MathDouble.c,181 :: 		
0x0077	0x0870      	MOVF       R0, 0
;__Lib_MathDouble.c,182 :: 		
0x0078	0x00F1      	MOVWF      R1
;__Lib_MathDouble.c,183 :: 		
0x0079	0x01F0      	CLRF       R0
;__Lib_MathDouble.c,184 :: 		
0x007A	0x15A0      	BSF        __math_tempbD, 3
;__Lib_MathDouble.c,186 :: 		
0x007B	0x0872      	MOVF       R2, 0
;__Lib_MathDouble.c,187 :: 		
0x007C	0x1D03      	BTFSS      STATUS, 2
;__Lib_MathDouble.c,188 :: 		
0x007D	0x2886      	GOTO       NORM3232
;__Lib_MathDouble.c,189 :: 		
0x007E	0x0871      	MOVF       R1, 0
;__Lib_MathDouble.c,190 :: 		
0x007F	0x00F2      	MOVWF      R2
;__Lib_MathDouble.c,191 :: 		
0x0080	0x01F1      	CLRF       R1
;__Lib_MathDouble.c,192 :: 		
0x0081	0x11A0      	BCF        __math_tempbD, 3
;__Lib_MathDouble.c,193 :: 		
0x0082	0x1620      	BSF        __math_tempbD, 4
;__Lib_MathDouble.c,195 :: 		
0x0083	0x0872      	MOVF       R2, 0
;__Lib_MathDouble.c,196 :: 		
0x0084	0x1903      	BTFSC      STATUS, 2
;__Lib_MathDouble.c,197 :: 		
0x0085	0x2894      	GOTO       JPNRES032
;__Lib_MathDouble.c,198 :: 		
NORM3232:
;__Lib_MathDouble.c,199 :: 		
0x0086	0x0820      	MOVF       __math_tempbD, 0
;__Lib_MathDouble.c,200 :: 		
0x0087	0x02F3      	SUBWF      R3, 1
;__Lib_MathDouble.c,201 :: 		
0x0088	0x1D03      	BTFSS      STATUS, 2
;__Lib_MathDouble.c,202 :: 		
0x0089	0x1C03      	BTFSS      STATUS, 0
;__Lib_MathDouble.c,203 :: 		
0x008A	0x2898      	GOTO       JPNSETFUN32
;__Lib_MathDouble.c,204 :: 		
0x008B	0x1003      	BCF        STATUS, 0
;__Lib_MathDouble.c,205 :: 		
NORM3232A:
;__Lib_MathDouble.c,206 :: 		
0x008C	0x1BF2      	BTFSC      R2, 7
;__Lib_MathDouble.c,207 :: 		
0x008D	0x289C      	GOTO       JMPNFIXSIGN32
;__Lib_MathDouble.c,208 :: 		
0x008E	0x0DF0      	RLF        R0, 1
;__Lib_MathDouble.c,209 :: 		
0x008F	0x0DF1      	RLF        R1, 1
;__Lib_MathDouble.c,210 :: 		
0x0090	0x0DF2      	RLF        R2, 1
;__Lib_MathDouble.c,211 :: 		
0x0091	0x0BF3      	DECFSZ     R3, 1
;__Lib_MathDouble.c,212 :: 		
0x0092	0x288C      	GOTO       NORM3232A
;__Lib_MathDouble.c,213 :: 		
0x0093	0x2898      	GOTO       JPNSETFUN32
;__Lib_MathDouble.c,214 :: 		
JPNRES032:
;__Lib_MathDouble.c,215 :: 		
0x0094	0x3001      	MOVLW      1
;__Lib_MathDouble.c,216 :: 		
0x0095	0x00FC      	MOVWF      R12
;__Lib_MathDouble.c,218 :: 		
0x0096	0x2041      	CALL       _RES032
;__Lib_MathDouble.c,220 :: 		
0x0097	0x289F      	GOTO       NORM32EEE
;__Lib_MathDouble.c,221 :: 		
JPNSETFUN32:
;__Lib_MathDouble.c,222 :: 		
0x0098	0x3002      	MOVLW      2
;__Lib_MathDouble.c,223 :: 		
0x0099	0x00FC      	MOVWF      R12
;__Lib_MathDouble.c,225 :: 		
0x009A	0x2048      	CALL       _SETFUN32
;__Lib_MathDouble.c,227 :: 		
0x009B	0x289F      	GOTO       NORM32EEE
;__Lib_MathDouble.c,228 :: 		
JMPNFIXSIGN32:
;__Lib_MathDouble.c,229 :: 		
0x009C	0x3004      	MOVLW      4
;__Lib_MathDouble.c,230 :: 		
0x009D	0x00FC      	MOVWF      R12
;__Lib_MathDouble.c,232 :: 		
0x009E	0x2054      	CALL       _FIXSIGN32
;__Lib_MathDouble.c,234 :: 		
NORM32EEE:
;__Lib_MathDouble.c,236 :: 		
L_end_NRM3232:
0x009F	0x0008      	RETURN
; end of _NRM3232
_SETFDZ32:
;__Lib_MathDouble.c,102 :: 		
;__Lib_MathDouble.c,105 :: 		
0x00A0	0x15FB      	BSF        R11, 3
;__Lib_MathDouble.c,106 :: 		
0x00A1	0x30FF      	MOVLW      255
;__Lib_MathDouble.c,108 :: 		
L_end_SETFDZ32:
0x00A2	0x0008      	RETURN
; end of _SETFDZ32
_double2int:
;__Lib_MathDouble.c,1391 :: 		
;__Lib_MathDouble.c,1399 :: 		
0x00A3	0x1283      	BCF        STATUS, 5
;__Lib_MathDouble.c,1400 :: 		
0x00A4	0x1303      	BCF        STATUS, 6
;__Lib_MathDouble.c,1402 :: 		
0x00A5	0x01FB      	CLRF       R11
;__Lib_MathDouble.c,1403 :: 		
0x00A6	0x0873      	MOVF       R3, 0
;__Lib_MathDouble.c,1404 :: 		
0x00A7	0x1903      	BTFSC      STATUS, 2
;__Lib_MathDouble.c,1405 :: 		
0x00A8	0x28E0      	GOTO       IRES016
;__Lib_MathDouble.c,1407 :: 		
0x00A9	0x0872      	MOVF       R2, 0
;__Lib_MathDouble.c,1408 :: 		
0x00AA	0x00FA      	MOVWF      R10
;__Lib_MathDouble.c,1409 :: 		
0x00AB	0x17F2      	BSF        R2, 7
;__Lib_MathDouble.c,1411 :: 		
0x00AC	0x308E      	MOVLW      142
;__Lib_MathDouble.c,1412 :: 		
0x00AD	0x02F3      	SUBWF      R3, 1
;__Lib_MathDouble.c,1413 :: 		
0x00AE	0x1FF3      	BTFSS      R3, 7
;__Lib_MathDouble.c,1414 :: 		
0x00AF	0x28E3      	GOTO       SETIOV16
;__Lib_MathDouble.c,1415 :: 		
0x00B0	0x09F3      	COMF       R3, 1
;__Lib_MathDouble.c,1416 :: 		
0x00B1	0x0AF3      	INCF       R3, 1
;__Lib_MathDouble.c,1418 :: 		
0x00B2	0x3008      	MOVLW      8
;__Lib_MathDouble.c,1419 :: 		
0x00B3	0x0273      	SUBWF      R3, 0
;__Lib_MathDouble.c,1420 :: 		
0x00B4	0x1C03      	BTFSS      STATUS, 0
;__Lib_MathDouble.c,1421 :: 		
0x00B5	0x28C6      	GOTO       TSHIFT3216
;__Lib_MathDouble.c,1422 :: 		
0x00B6	0x00F3      	MOVWF      R3
;__Lib_MathDouble.c,1423 :: 		
0x00B7	0x0DF1      	RLF        R1, 1
;__Lib_MathDouble.c,1424 :: 		
0x00B8	0x0872      	MOVF       R2, 0
;__Lib_MathDouble.c,1425 :: 		
0x00B9	0x00F1      	MOVWF      R1
;__Lib_MathDouble.c,1426 :: 		
0x00BA	0x01F2      	CLRF       R2
;__Lib_MathDouble.c,1428 :: 		
0x00BB	0x3008      	MOVLW      8
;__Lib_MathDouble.c,1429 :: 		
0x00BC	0x0273      	SUBWF      R3, 0
;__Lib_MathDouble.c,1430 :: 		
0x00BD	0x1C03      	BTFSS      STATUS, 0
;__Lib_MathDouble.c,1431 :: 		
0x00BE	0x28C6      	GOTO       TSHIFT3216
;__Lib_MathDouble.c,1432 :: 		
0x00BF	0x00F3      	MOVWF      R3
;__Lib_MathDouble.c,1433 :: 		
0x00C0	0x0DF1      	RLF        R1, 1
;__Lib_MathDouble.c,1434 :: 		
0x00C1	0x01F1      	CLRF       R1
;__Lib_MathDouble.c,1436 :: 		
0x00C2	0x0873      	MOVF       R3, 0
;__Lib_MathDouble.c,1437 :: 		
0x00C3	0x1D03      	BTFSS      STATUS, 2
;__Lib_MathDouble.c,1438 :: 		
0x00C4	0x1003      	BCF        STATUS, 0
;__Lib_MathDouble.c,1439 :: 		
0x00C5	0x28CE      	GOTO       SHIFT3216OK
;__Lib_MathDouble.c,1440 :: 		
TSHIFT3216:
;__Lib_MathDouble.c,1441 :: 		
0x00C6	0x0873      	MOVF       R3, 0
;__Lib_MathDouble.c,1442 :: 		
0x00C7	0x1903      	BTFSC      STATUS, 2
;__Lib_MathDouble.c,1443 :: 		
0x00C8	0x28CE      	GOTO       SHIFT3216OK
;__Lib_MathDouble.c,1444 :: 		
SHIFT3216:
;__Lib_MathDouble.c,1445 :: 		
0x00C9	0x1003      	BCF        STATUS, 0
;__Lib_MathDouble.c,1446 :: 		
0x00CA	0x0CF2      	RRF        R2, 1
;__Lib_MathDouble.c,1447 :: 		
0x00CB	0x0CF1      	RRF        R1, 1
;__Lib_MathDouble.c,1448 :: 		
0x00CC	0x0BF3      	DECFSZ     R3, 1
;__Lib_MathDouble.c,1449 :: 		
0x00CD	0x28C9      	GOTO       SHIFT3216
;__Lib_MathDouble.c,1450 :: 		
SHIFT3216OK:
;__Lib_MathDouble.c,1451 :: 		
0x00CE	0x1B7B      	BTFSC      R11, 6
;__Lib_MathDouble.c,1452 :: 		
0x00CF	0x1C71      	BTFSS      R1, 0
;__Lib_MathDouble.c,1453 :: 		
0x00D0	0x28D8      	GOTO       INT3216OK
;__Lib_MathDouble.c,1454 :: 		
0x00D1	0x1C03      	BTFSS      STATUS, 0
;__Lib_MathDouble.c,1455 :: 		
0x00D2	0x28D8      	GOTO       INT3216OK
;__Lib_MathDouble.c,1456 :: 		
0x00D3	0x0AF1      	INCF       R1, 1
;__Lib_MathDouble.c,1457 :: 		
0x00D4	0x1903      	BTFSC      STATUS, 2
;__Lib_MathDouble.c,1458 :: 		
0x00D5	0x0AF2      	INCF       R2, 1
;__Lib_MathDouble.c,1459 :: 		
0x00D6	0x1BF2      	BTFSC      R2, 7
;__Lib_MathDouble.c,1460 :: 		
0x00D7	0x28EF      	GOTO       JPJSETIOV3224
;__Lib_MathDouble.c,1461 :: 		
INT3216OK:
;__Lib_MathDouble.c,1462 :: 		
0x00D8	0x1FFA      	BTFSS      R10, 7
;__Lib_MathDouble.c,1463 :: 		
0x00D9	0x28F2      	GOTO       INT3216EOK
;__Lib_MathDouble.c,1465 :: 		
0x00DA	0x09F2      	COMF       R2, 1
;__Lib_MathDouble.c,1466 :: 		
0x00DB	0x09F1      	COMF       R1, 1
;__Lib_MathDouble.c,1467 :: 		
0x00DC	0x0AF1      	INCF       R1, 1
;__Lib_MathDouble.c,1468 :: 		
0x00DD	0x1903      	BTFSC      STATUS, 2
;__Lib_MathDouble.c,1469 :: 		
0x00DE	0x0AF2      	INCF       R2, 1
;__Lib_MathDouble.c,1470 :: 		
0x00DF	0x28F2      	GOTO       INT3216EOK
;__Lib_MathDouble.c,1472 :: 		
IRES016:
;__Lib_MathDouble.c,1473 :: 		
0x00E0	0x01F2      	CLRF       R2
;__Lib_MathDouble.c,1474 :: 		
0x00E1	0x01F1      	CLRF       R1
;__Lib_MathDouble.c,1475 :: 		
0x00E2	0x28F2      	GOTO       INT3216EOK
;__Lib_MathDouble.c,1476 :: 		
SETIOV16:
;__Lib_MathDouble.c,1477 :: 		
0x00E3	0x147B      	BSF        R11, 0
;__Lib_MathDouble.c,1478 :: 		
0x00E4	0x1FFB      	BTFSS      R11, 7
;__Lib_MathDouble.c,1479 :: 		
0x00E5	0x28F5      	GOTO       INT3216EER
;__Lib_MathDouble.c,1481 :: 		
0x00E6	0x01F2      	CLRF       R2
;__Lib_MathDouble.c,1482 :: 		
0x00E7	0x1FFA      	BTFSS      R10, 7
;__Lib_MathDouble.c,1483 :: 		
0x00E8	0x28F5      	GOTO       INT3216EER
;__Lib_MathDouble.c,1484 :: 		
0x00E9	0x30FF      	MOVLW      255
;__Lib_MathDouble.c,1485 :: 		
0x00EA	0x00F2      	MOVWF      R2
;__Lib_MathDouble.c,1486 :: 		
0x00EB	0x00F1      	MOVWF      R1
;__Lib_MathDouble.c,1487 :: 		
0x00EC	0x0DFA      	RLF        R10, 1
;__Lib_MathDouble.c,1488 :: 		
0x00ED	0x0CF2      	RRF        R2, 1
;__Lib_MathDouble.c,1489 :: 		
0x00EE	0x28F5      	GOTO       INT3216EER
;__Lib_MathDouble.c,1491 :: 		
JPJSETIOV3224:
;__Lib_MathDouble.c,1492 :: 		
0x00EF	0x3001      	MOVLW      1
;__Lib_MathDouble.c,1493 :: 		
0x00F0	0x00FC      	MOVWF      R12
;__Lib_MathDouble.c,1494 :: 		
0x00F1	0x28F7      	GOTO       INT3216EEE
;__Lib_MathDouble.c,1495 :: 		
INT3216EOK:
;__Lib_MathDouble.c,1496 :: 		
0x00F2	0x3000      	MOVLW      0
;__Lib_MathDouble.c,1497 :: 		
0x00F3	0x00FC      	MOVWF      R12
;__Lib_MathDouble.c,1498 :: 		
0x00F4	0x28F7      	GOTO       INT3216EEE
;__Lib_MathDouble.c,1499 :: 		
INT3216EER:
;__Lib_MathDouble.c,1500 :: 		
0x00F5	0x30FF      	MOVLW      255
;__Lib_MathDouble.c,1501 :: 		
0x00F6	0x00FC      	MOVWF      R12
;__Lib_MathDouble.c,1502 :: 		
INT3216EEE:
;__Lib_MathDouble.c,1505 :: 		
0x00F7	0x08FC      	MOVF       R12, 1
;__Lib_MathDouble.c,1507 :: 		
0x00F8	0x1903      	BTFSC      STATUS, 2
;__Lib_MathDouble.c,1508 :: 		
0x00F9	0x28FB      	GOTO       L_Double2Int_0
;__Lib_MathDouble.c,1510 :: 		
0x00FA	0x2064      	CALL       _SETIOV3224
;__Lib_MathDouble.c,1512 :: 		
L_Double2Int_0:
;__Lib_MathDouble.c,1513 :: 		
0x00FB	0x0871      	MOVF       R1, 0
;__Lib_MathDouble.c,1514 :: 		
0x00FC	0x00F0      	MOVWF      R0
;__Lib_MathDouble.c,1515 :: 		
0x00FD	0x0872      	MOVF       R2, 0
;__Lib_MathDouble.c,1516 :: 		
0x00FE	0x00F1      	MOVWF      R1
;__Lib_MathDouble.c,1520 :: 		
L_end_double2int:
0x00FF	0x0008      	RETURN
; end of _double2int
_move_forward:
;projectFinal.c,5 :: 		void move_forward(void)
;projectFinal.c,7 :: 		PORTD = 0X60;
0x0100	0x3060      	MOVLW      96
0x0101	0x1283      	BCF        STATUS, 5
0x0102	0x1303      	BCF        STATUS, 6
0x0103	0x0088      	MOVWF      PORTD
;projectFinal.c,9 :: 		}
L_end_move_forward:
0x0104	0x0008      	RETURN
; end of _move_forward
_myDelay1:
;projectFinal.c,23 :: 		void myDelay1(unsigned int x){
;projectFinal.c,24 :: 		Mcntr=0;
0x0105	0x1283      	BCF        STATUS, 5
0x0106	0x1303      	BCF        STATUS, 6
0x0107	0x01AB      	CLRF       _Mcntr
0x0108	0x01AC      	CLRF       _Mcntr+1
;projectFinal.c,25 :: 		while(Mcntr<x);
L_myDelay10:
0x0109	0x0833      	MOVF       FARG_myDelay1_x+1, 0
0x010A	0x022C      	SUBWF      _Mcntr+1, 0
0x010B	0x1D03      	BTFSS      STATUS, 2
0x010C	0x290F      	GOTO       L__myDelay130
0x010D	0x0832      	MOVF       FARG_myDelay1_x, 0
0x010E	0x022B      	SUBWF      _Mcntr, 0
L__myDelay130:
0x010F	0x1803      	BTFSC      STATUS, 0
0x0110	0x2912      	GOTO       L_myDelay11
0x0111	0x2909      	GOTO       L_myDelay10
L_myDelay11:
;projectFinal.c,28 :: 		}
L_end_myDelay1:
0x0112	0x0008      	RETURN
; end of _myDelay1
_Div_32x32_FP:
;__Lib_MathDouble.c,761 :: 		
;__Lib_MathDouble.c,773 :: 		
;__Lib_MathDouble.c,776 :: 		
0x0113	0x1283      	BCF        STATUS, 5
0x0114	0x1303      	BCF        STATUS, 6
0x0115	0x0874      	MOVF       R4, 0
0x0116	0x3A00      	XORLW      0
0x0117	0x1D03      	BTFSS      STATUS, 2
0x0118	0x292E      	GOTO       L_Div_32x32_FP7
;__Lib_MathDouble.c,777 :: 		
0x0119	0x0875      	MOVF       R5, 0
0x011A	0x3A00      	XORLW      0
0x011B	0x1D03      	BTFSS      STATUS, 2
0x011C	0x292E      	GOTO       L_Div_32x32_FP8
;__Lib_MathDouble.c,778 :: 		
0x011D	0x0876      	MOVF       R6, 0
0x011E	0x3A00      	XORLW      0
0x011F	0x1D03      	BTFSS      STATUS, 2
0x0120	0x292E      	GOTO       L_Div_32x32_FP9
;__Lib_MathDouble.c,779 :: 		
0x0121	0x0877      	MOVF       R7, 0
0x0122	0x3A00      	XORLW      0
0x0123	0x1D03      	BTFSS      STATUS, 2
0x0124	0x292E      	GOTO       L_Div_32x32_FP10
;__Lib_MathDouble.c,780 :: 		
0x0125	0x30FF      	MOVLW      255
0x0126	0x00F0      	MOVWF      R0
;__Lib_MathDouble.c,781 :: 		
0x0127	0x30FF      	MOVLW      255
0x0128	0x00F1      	MOVWF      R1
;__Lib_MathDouble.c,782 :: 		
0x0129	0x307F      	MOVLW      127
0x012A	0x00F2      	MOVWF      R2
;__Lib_MathDouble.c,783 :: 		
0x012B	0x30FF      	MOVLW      255
0x012C	0x00F3      	MOVWF      R3
;__Lib_MathDouble.c,784 :: 		
0x012D	0x29C9      	GOTO       L_end_Div_32x32_FP
;__Lib_MathDouble.c,785 :: 		
L_Div_32x32_FP10:
L_Div_32x32_FP9:
L_Div_32x32_FP8:
L_Div_32x32_FP7:
;__Lib_MathDouble.c,788 :: 		
0x012E	0x1283      	BCF        STATUS, 5
;__Lib_MathDouble.c,789 :: 		
0x012F	0x1303      	BCF        STATUS, 6
;__Lib_MathDouble.c,791 :: 		
0x0130	0x0877      	MOVF       R7, 0
;__Lib_MathDouble.c,792 :: 		
0x0131	0x1903      	BTFSC      STATUS, 2
;__Lib_MathDouble.c,793 :: 		
0x0132	0x29BD      	GOTO       JPDSETFDZ32
;__Lib_MathDouble.c,795 :: 		
0x0133	0x0873      	MOVF       R3, 0
;__Lib_MathDouble.c,796 :: 		
0x0134	0x1903      	BTFSC      STATUS, 2
;__Lib_MathDouble.c,797 :: 		
0x0135	0x29C0      	GOTO       JPDRES032
;__Lib_MathDouble.c,799 :: 		
0x0136	0x0872      	MOVF       R2, 0
;__Lib_MathDouble.c,800 :: 		
0x0137	0x0676      	XORWF      R6, 0
;__Lib_MathDouble.c,801 :: 		
0x0138	0x3980      	ANDLW      128
;__Lib_MathDouble.c,802 :: 		
0x0139	0x00FA      	MOVWF      R10
;__Lib_MathDouble.c,803 :: 		
0x013A	0x17F2      	BSF        R2, 7
;__Lib_MathDouble.c,804 :: 		
0x013B	0x17F6      	BSF        R6, 7
;__Lib_MathDouble.c,806 :: 		
0x013C	0x01A0      	CLRF       __math_tempbD
;__Lib_MathDouble.c,807 :: 		
0x013D	0x0872      	MOVF       R2, 0
;__Lib_MathDouble.c,808 :: 		
0x013E	0x00F8      	MOVWF      R8
;__Lib_MathDouble.c,809 :: 		
0x013F	0x0871      	MOVF       R1, 0
;__Lib_MathDouble.c,810 :: 		
0x0140	0x00FC      	MOVWF      R12
;__Lib_MathDouble.c,811 :: 		
0x0141	0x0870      	MOVF       R0, 0
;__Lib_MathDouble.c,812 :: 		
0x0142	0x00FD      	MOVWF      R13
;__Lib_MathDouble.c,814 :: 		
0x0143	0x0874      	MOVF       R4, 0
;__Lib_MathDouble.c,815 :: 		
0x0144	0x02FD      	SUBWF      R13, 1
;__Lib_MathDouble.c,816 :: 		
0x0145	0x0875      	MOVF       R5, 0
;__Lib_MathDouble.c,817 :: 		
0x0146	0x1C03      	BTFSS      STATUS, 0
;__Lib_MathDouble.c,818 :: 		
0x0147	0x0F75      	INCFSZ     R5, 0
;__Lib_MathDouble.c,820 :: 		
0x0148	0x02FC      	SUBWF      R12, 1
;__Lib_MathDouble.c,821 :: 		
0x0149	0x0876      	MOVF       R6, 0
;__Lib_MathDouble.c,822 :: 		
0x014A	0x1C03      	BTFSS      STATUS, 0
;__Lib_MathDouble.c,823 :: 		
0x014B	0x0F76      	INCFSZ     R6, 0
;__Lib_MathDouble.c,825 :: 		
0x014C	0x02F8      	SUBWF      R8, 1
;__Lib_MathDouble.c,826 :: 		
0x014D	0x01F8      	CLRF       R8
;__Lib_MathDouble.c,827 :: 		
0x014E	0x01FC      	CLRF       R12
;__Lib_MathDouble.c,828 :: 		
0x014F	0x01FD      	CLRF       R13
;__Lib_MathDouble.c,829 :: 		
0x0150	0x1C03      	BTFSS      STATUS, 0
;__Lib_MathDouble.c,830 :: 		
0x0151	0x2959      	GOTO       DALIGN32OK
;__Lib_MathDouble.c,832 :: 		
0x0152	0x1003      	BCF        STATUS, 0
;__Lib_MathDouble.c,833 :: 		
0x0153	0x0CF2      	RRF        R2, 1
;__Lib_MathDouble.c,834 :: 		
0x0154	0x0CF1      	RRF        R1, 1
;__Lib_MathDouble.c,835 :: 		
0x0155	0x0CF0      	RRF        R0, 1
;__Lib_MathDouble.c,836 :: 		
0x0156	0x0CF8      	RRF        R8, 1
;__Lib_MathDouble.c,837 :: 		
0x0157	0x3001      	MOVLW      1
;__Lib_MathDouble.c,838 :: 		
0x0158	0x00A0      	MOVWF      __math_tempbD
;__Lib_MathDouble.c,839 :: 		
DALIGN32OK:
;__Lib_MathDouble.c,840 :: 		
0x0159	0x0877      	MOVF       R7, 0
;__Lib_MathDouble.c,841 :: 		
0x015A	0x02F3      	SUBWF      R3, 1
;__Lib_MathDouble.c,842 :: 		
0x015B	0x1C03      	BTFSS      STATUS, 0
;__Lib_MathDouble.c,843 :: 		
0x015C	0x2963      	GOTO       ALTB32
;__Lib_MathDouble.c,845 :: 		
0x015D	0x307E      	MOVLW      126
;__Lib_MathDouble.c,846 :: 		
0x015E	0x0720      	ADDWF      __math_tempbD, 0
;__Lib_MathDouble.c,847 :: 		
0x015F	0x07F3      	ADDWF      R3, 1
;__Lib_MathDouble.c,848 :: 		
0x0160	0x1803      	BTFSC      STATUS, 0
;__Lib_MathDouble.c,849 :: 		
0x0161	0x29C3      	GOTO       JPDSETFOV32
;__Lib_MathDouble.c,850 :: 		
0x0162	0x2968      	GOTO       DARGOK32
;__Lib_MathDouble.c,851 :: 		
ALTB32:
;__Lib_MathDouble.c,852 :: 		
0x0163	0x307E      	MOVLW      126
;__Lib_MathDouble.c,853 :: 		
0x0164	0x0720      	ADDWF      __math_tempbD, 0
;__Lib_MathDouble.c,854 :: 		
0x0165	0x07F3      	ADDWF      R3, 1
;__Lib_MathDouble.c,855 :: 		
0x0166	0x1C03      	BTFSS      STATUS, 0
;__Lib_MathDouble.c,856 :: 		
0x0167	0x29C6      	GOTO       JPDSETFUN32
;__Lib_MathDouble.c,857 :: 		
DARGOK32:
;__Lib_MathDouble.c,858 :: 		
0x0168	0x3018      	MOVLW      24
;__Lib_MathDouble.c,860 :: 		
0x0169	0x07FA      	ADDWF      R10, 1
;__Lib_MathDouble.c,861 :: 		
DLOOP32:
;__Lib_MathDouble.c,862 :: 		
0x016A	0x0DFD      	RLF        R13, 1
;__Lib_MathDouble.c,863 :: 		
0x016B	0x0DFC      	RLF        R12, 1
;__Lib_MathDouble.c,864 :: 		
0x016C	0x0DF8      	RLF        R8, 1
;__Lib_MathDouble.c,865 :: 		
0x016D	0x0DF0      	RLF        R0, 1
;__Lib_MathDouble.c,866 :: 		
0x016E	0x0DF1      	RLF        R1, 1
;__Lib_MathDouble.c,867 :: 		
0x016F	0x0DF2      	RLF        R2, 1
;__Lib_MathDouble.c,868 :: 		
0x0170	0x0DA0      	RLF        __math_tempbD, 1
;__Lib_MathDouble.c,870 :: 		
0x0171	0x0874      	MOVF       R4, 0
;__Lib_MathDouble.c,871 :: 		
0x0172	0x02F0      	SUBWF      R0, 1
;__Lib_MathDouble.c,872 :: 		
0x0173	0x0875      	MOVF       R5, 0
;__Lib_MathDouble.c,873 :: 		
0x0174	0x1C03      	BTFSS      STATUS, 0
;__Lib_MathDouble.c,874 :: 		
0x0175	0x0F75      	INCFSZ     R5, 0
;__Lib_MathDouble.c,876 :: 		
0x0176	0x02F1      	SUBWF      R1, 1
;__Lib_MathDouble.c,877 :: 		
0x0177	0x0876      	MOVF       R6, 0
;__Lib_MathDouble.c,878 :: 		
0x0178	0x1C03      	BTFSS      STATUS, 0
;__Lib_MathDouble.c,879 :: 		
0x0179	0x0F76      	INCFSZ     R6, 0
;__Lib_MathDouble.c,881 :: 		
0x017A	0x02F2      	SUBWF      R2, 1
;__Lib_MathDouble.c,882 :: 		
0x017B	0x0D76      	RLF        R6, 0
;__Lib_MathDouble.c,883 :: 		
0x017C	0x04A0      	IORWF      __math_tempbD, 1
;__Lib_MathDouble.c,884 :: 		
0x017D	0x1C20      	BTFSS      __math_tempbD, 0
;__Lib_MathDouble.c,885 :: 		
0x017E	0x2981      	GOTO       DREST32
;__Lib_MathDouble.c,886 :: 		
0x017F	0x147D      	BSF        R13, 0
;__Lib_MathDouble.c,887 :: 		
0x0180	0x298C      	GOTO       DOK32
;__Lib_MathDouble.c,888 :: 		
DREST32:
;__Lib_MathDouble.c,889 :: 		
0x0181	0x0874      	MOVF       R4, 0
;__Lib_MathDouble.c,890 :: 		
0x0182	0x07F0      	ADDWF      R0, 1
;__Lib_MathDouble.c,891 :: 		
0x0183	0x0875      	MOVF       R5, 0
;__Lib_MathDouble.c,892 :: 		
0x0184	0x1803      	BTFSC      STATUS, 0
;__Lib_MathDouble.c,893 :: 		
0x0185	0x0F75      	INCFSZ     R5, 0
;__Lib_MathDouble.c,895 :: 		
0x0186	0x07F1      	ADDWF      R1, 1
;__Lib_MathDouble.c,896 :: 		
0x0187	0x0876      	MOVF       R6, 0
;__Lib_MathDouble.c,897 :: 		
0x0188	0x1803      	BTFSC      STATUS, 0
;__Lib_MathDouble.c,898 :: 		
0x0189	0x0A76      	INCF       R6, 0
;__Lib_MathDouble.c,899 :: 		
0x018A	0x07F2      	ADDWF      R2, 1
;__Lib_MathDouble.c,900 :: 		
0x018B	0x107D      	BCF        R13, 0
;__Lib_MathDouble.c,901 :: 		
DOK32:
;__Lib_MathDouble.c,903 :: 		
0x018C	0x03FA      	DECF       R10, 1
;__Lib_MathDouble.c,904 :: 		
0x018D	0x301F      	MOVLW      31
;__Lib_MathDouble.c,905 :: 		
0x018E	0x057A      	ANDWF      R10, 0
;__Lib_MathDouble.c,906 :: 		
0x018F	0x1D03      	BTFSS      STATUS, 2
;__Lib_MathDouble.c,907 :: 		
0x0190	0x296A      	GOTO       DLOOP32
;__Lib_MathDouble.c,909 :: 		
0x0191	0x1B7B      	BTFSC      R11, 6
;__Lib_MathDouble.c,910 :: 		
0x0192	0x1C7D      	BTFSS      R13, 0
;__Lib_MathDouble.c,911 :: 		
0x0193	0x29B3      	GOTO       DIV32OK
;__Lib_MathDouble.c,912 :: 		
0x0194	0x1003      	BCF        STATUS, 0
;__Lib_MathDouble.c,913 :: 		
0x0195	0x0DF0      	RLF        R0, 1
;__Lib_MathDouble.c,914 :: 		
0x0196	0x0DF1      	RLF        R1, 1
;__Lib_MathDouble.c,915 :: 		
0x0197	0x0DF2      	RLF        R2, 1
;__Lib_MathDouble.c,916 :: 		
0x0198	0x0DA0      	RLF        __math_tempbD, 1
;__Lib_MathDouble.c,918 :: 		
0x0199	0x0874      	MOVF       R4, 0
;__Lib_MathDouble.c,919 :: 		
0x019A	0x02F0      	SUBWF      R0, 1
;__Lib_MathDouble.c,920 :: 		
0x019B	0x0875      	MOVF       R5, 0
;__Lib_MathDouble.c,921 :: 		
0x019C	0x1C03      	BTFSS      STATUS, 0
;__Lib_MathDouble.c,922 :: 		
0x019D	0x0F75      	INCFSZ     R5, 0
;__Lib_MathDouble.c,923 :: 		
0x019E	0x02F1      	SUBWF      R1, 1
;__Lib_MathDouble.c,924 :: 		
0x019F	0x0876      	MOVF       R6, 0
;__Lib_MathDouble.c,925 :: 		
0x01A0	0x1C03      	BTFSS      STATUS, 0
;__Lib_MathDouble.c,926 :: 		
0x01A1	0x0F76      	INCFSZ     R6, 0
;__Lib_MathDouble.c,927 :: 		
0x01A2	0x02F2      	SUBWF      R2, 1
;__Lib_MathDouble.c,928 :: 		
0x01A3	0x0D76      	RLF        R6, 0
;__Lib_MathDouble.c,929 :: 		
0x01A4	0x0420      	IORWF      __math_tempbD, 0
;__Lib_MathDouble.c,930 :: 		
0x01A5	0x3901      	ANDLW      1
;__Lib_MathDouble.c,931 :: 		
0x01A6	0x07FD      	ADDWF      R13, 1
;__Lib_MathDouble.c,932 :: 		
0x01A7	0x1803      	BTFSC      STATUS, 0
;__Lib_MathDouble.c,933 :: 		
0x01A8	0x0AFC      	INCF       R12, 1
;__Lib_MathDouble.c,934 :: 		
0x01A9	0x1903      	BTFSC      STATUS, 2
;__Lib_MathDouble.c,935 :: 		
0x01AA	0x0AF8      	INCF       R8, 1
;__Lib_MathDouble.c,936 :: 		
0x01AB	0x1D03      	BTFSS      STATUS, 2
;__Lib_MathDouble.c,937 :: 		
0x01AC	0x29B3      	GOTO       DIV32OK
;__Lib_MathDouble.c,938 :: 		
0x01AD	0x0CF8      	RRF        R8, 1
;__Lib_MathDouble.c,939 :: 		
0x01AE	0x0CFC      	RRF        R12, 1
;__Lib_MathDouble.c,940 :: 		
0x01AF	0x0CFD      	RRF        R13, 1
;__Lib_MathDouble.c,941 :: 		
0x01B0	0x0AF3      	INCF       R3, 1
;__Lib_MathDouble.c,942 :: 		
0x01B1	0x1903      	BTFSC      STATUS, 2
;__Lib_MathDouble.c,943 :: 		
0x01B2	0x29C3      	GOTO       JPDSETFOV32
;__Lib_MathDouble.c,944 :: 		
DIV32OK:
;__Lib_MathDouble.c,945 :: 		
0x01B3	0x1FFA      	BTFSS      R10, 7
;__Lib_MathDouble.c,946 :: 		
0x01B4	0x13F8      	BCF        R8, 7
;__Lib_MathDouble.c,947 :: 		
0x01B5	0x0878      	MOVF       R8, 0
;__Lib_MathDouble.c,948 :: 		
0x01B6	0x00F2      	MOVWF      R2
;__Lib_MathDouble.c,949 :: 		
0x01B7	0x087C      	MOVF       R12, 0
;__Lib_MathDouble.c,950 :: 		
0x01B8	0x00F1      	MOVWF      R1
;__Lib_MathDouble.c,951 :: 		
0x01B9	0x087D      	MOVF       R13, 0
;__Lib_MathDouble.c,952 :: 		
0x01BA	0x00F0      	MOVWF      R0
;__Lib_MathDouble.c,954 :: 		
0x01BB	0x3000      	MOVLW      0
;__Lib_MathDouble.c,956 :: 		
0x01BC	0x29C8      	GOTO       DIV32EEE
;__Lib_MathDouble.c,957 :: 		
JPDSETFDZ32:
;__Lib_MathDouble.c,958 :: 		
0x01BD	0x3001      	MOVLW      1
;__Lib_MathDouble.c,961 :: 		
0x01BE	0x20A0      	CALL       _SETFDZ32
;__Lib_MathDouble.c,963 :: 		
0x01BF	0x29C8      	GOTO       DIV32EEE
;__Lib_MathDouble.c,964 :: 		
JPDRES032:
;__Lib_MathDouble.c,965 :: 		
0x01C0	0x3002      	MOVLW      2
;__Lib_MathDouble.c,968 :: 		
0x01C1	0x2041      	CALL       _RES032
;__Lib_MathDouble.c,970 :: 		
0x01C2	0x29C8      	GOTO       DIV32EEE
;__Lib_MathDouble.c,971 :: 		
JPDSETFOV32:
;__Lib_MathDouble.c,972 :: 		
0x01C3	0x3004      	MOVLW      4
;__Lib_MathDouble.c,975 :: 		
0x01C4	0x2058      	CALL       _SETFOV32
;__Lib_MathDouble.c,977 :: 		
0x01C5	0x29C8      	GOTO       DIV32EEE
;__Lib_MathDouble.c,978 :: 		
JPDSETFUN32:
;__Lib_MathDouble.c,979 :: 		
0x01C6	0x3008      	MOVLW      8
;__Lib_MathDouble.c,982 :: 		
0x01C7	0x2048      	CALL       _SETFUN32
;__Lib_MathDouble.c,984 :: 		
DIV32EEE:
;__Lib_MathDouble.c,985 :: 		
0x01C8	0x0000      	NOP
;__Lib_MathDouble.c,994 :: 		
L_end_Div_32x32_FP:
0x01C9	0x0008      	RETURN
; end of _Div_32x32_FP
_int2double:
;__Lib_MathDouble.c,1812 :: 		
;__Lib_MathDouble.c,1818 :: 		
0x01CA	0x1283      	BCF        STATUS, 5
;__Lib_MathDouble.c,1819 :: 		
0x01CB	0x1303      	BCF        STATUS, 6
;__Lib_MathDouble.c,1820 :: 		
0x01CC	0x0870      	MOVF       R0, 0
;__Lib_MathDouble.c,1821 :: 		
0x01CD	0x00F8      	MOVWF      R8
;__Lib_MathDouble.c,1822 :: 		
0x01CE	0x0871      	MOVF       R1, 0
;__Lib_MathDouble.c,1823 :: 		
0x01CF	0x00F0      	MOVWF      R0
;__Lib_MathDouble.c,1824 :: 		
0x01D0	0x01F1      	CLRF       R1
;__Lib_MathDouble.c,1825 :: 		
0x01D1	0x01F2      	CLRF       R2
;__Lib_MathDouble.c,1826 :: 		
0x01D2	0x01F3      	CLRF       R3
;__Lib_MathDouble.c,1829 :: 		
0x01D3	0x01FB      	CLRF       R11
;__Lib_MathDouble.c,1830 :: 		
0x01D4	0x01FC      	CLRF       R12
;__Lib_MathDouble.c,1832 :: 		
0x01D5	0x3096      	MOVLW      150
;__Lib_MathDouble.c,1833 :: 		
0x01D6	0x00F3      	MOVWF      R3
;__Lib_MathDouble.c,1834 :: 		
0x01D7	0x01FA      	CLRF       R10
;__Lib_MathDouble.c,1835 :: 		
0x01D8	0x1FF0      	BTFSS      R0, 7
;__Lib_MathDouble.c,1836 :: 		
0x01D9	0x29E0      	GOTO       FLO1632EEE
;__Lib_MathDouble.c,1838 :: 		
0x01DA	0x09F8      	COMF       R8, 1
;__Lib_MathDouble.c,1839 :: 		
0x01DB	0x09F0      	COMF       R0, 1
;__Lib_MathDouble.c,1841 :: 		
0x01DC	0x0AF8      	INCF       R8, 1
;__Lib_MathDouble.c,1842 :: 		
0x01DD	0x1903      	BTFSC      STATUS, 2
;__Lib_MathDouble.c,1843 :: 		
0x01DE	0x0AF0      	INCF       R0, 1
;__Lib_MathDouble.c,1845 :: 		
0x01DF	0x17FA      	BSF        R10, 7
;__Lib_MathDouble.c,1846 :: 		
FLO1632EEE:
;__Lib_MathDouble.c,1847 :: 		
0x01E0	0x0870      	MOVF       R0, 0
;__Lib_MathDouble.c,1848 :: 		
0x01E1	0x00F1      	MOVWF      R1
;__Lib_MathDouble.c,1849 :: 		
0x01E2	0x0878      	MOVF       R8, 0
;__Lib_MathDouble.c,1850 :: 		
0x01E3	0x00F0      	MOVWF      R0
;__Lib_MathDouble.c,1851 :: 		
0x01E4	0x01F8      	CLRF       R8
;__Lib_MathDouble.c,1852 :: 		
0x01E5	0x01F2      	CLRF       R2
;__Lib_MathDouble.c,1854 :: 		
0x01E6	0x2071      	CALL       _NRM3232
;__Lib_MathDouble.c,1855 :: 		
L_end_int2double:
0x01E7	0x0008      	RETURN
; end of _int2double
_myDelay2:
;projectFinal.c,29 :: 		void myDelay2(void){    // delay function without using any timer because it will used inside the interrupt
;projectFinal.c,32 :: 		for(j=0; j<90; j++){
0x01E8	0x1283      	BCF        STATUS, 5
0x01E9	0x1303      	BCF        STATUS, 6
0x01EA	0x01F1      	CLRF       R1
L_myDelay22:
0x01EB	0x305A      	MOVLW      90
0x01EC	0x0271      	SUBWF      R1, 0
0x01ED	0x1803      	BTFSC      STATUS, 0
0x01EE	0x29FF      	GOTO       L_myDelay23
;projectFinal.c,33 :: 		for(k=0;k<2000; k++){
0x01EF	0x01F2      	CLRF       R2
0x01F0	0x01F3      	CLRF       R2+1
L_myDelay25:
0x01F1	0x3007      	MOVLW      7
0x01F2	0x0273      	SUBWF      R2+1, 0
0x01F3	0x1D03      	BTFSS      STATUS, 2
0x01F4	0x29F7      	GOTO       L__myDelay232
0x01F5	0x30D0      	MOVLW      208
0x01F6	0x0272      	SUBWF      R2, 0
L__myDelay232:
0x01F7	0x1803      	BTFSC      STATUS, 0
0x01F8	0x29FD      	GOTO       L_myDelay26
;projectFinal.c,34 :: 		j=j;
;projectFinal.c,35 :: 		k=k;
;projectFinal.c,33 :: 		for(k=0;k<2000; k++){
0x01F9	0x0AF2      	INCF       R2, 1
0x01FA	0x1903      	BTFSC      STATUS, 2
0x01FB	0x0AF3      	INCF       R2+1, 1
;projectFinal.c,36 :: 		}
0x01FC	0x29F1      	GOTO       L_myDelay25
L_myDelay26:
;projectFinal.c,32 :: 		for(j=0; j<90; j++){
0x01FD	0x0AF1      	INCF       R1, 1
;projectFinal.c,38 :: 		}
0x01FE	0x29EB      	GOTO       L_myDelay22
L_myDelay23:
;projectFinal.c,40 :: 		}
L_end_myDelay2:
0x01FF	0x0008      	RETURN
; end of _myDelay2
_move_backward:
;projectFinal.c,10 :: 		void move_backward(void)
;projectFinal.c,12 :: 		PORTD = 0X90;
0x0200	0x3090      	MOVLW      144
0x0201	0x1283      	BCF        STATUS, 5
0x0202	0x1303      	BCF        STATUS, 6
0x0203	0x0088      	MOVWF      PORTD
;projectFinal.c,13 :: 		}
L_end_move_backward:
0x0204	0x0008      	RETURN
; end of _move_backward
_turn_right:
;projectFinal.c,19 :: 		void turn_right(void)
;projectFinal.c,21 :: 		PORTD = 0X20;
0x0205	0x3020      	MOVLW      32
0x0206	0x1283      	BCF        STATUS, 5
0x0207	0x1303      	BCF        STATUS, 6
0x0208	0x0088      	MOVWF      PORTD
;projectFinal.c,22 :: 		}
L_end_turn_right:
0x0209	0x0008      	RETURN
; end of _turn_right
_main:
;projectFinal.c,90 :: 		int main()
;projectFinal.c,91 :: 		{   TRISD=0X0F; // the pins RD4-RD7 are connected to the h-bridge and they are used to control the direction of the movement
0x020A	0x300F      	MOVLW      15
0x020B	0x1683      	BSF        STATUS, 5
0x020C	0x1303      	BCF        STATUS, 6
0x020D	0x0088      	MOVWF      TRISD
;projectFinal.c,93 :: 		RB1 is set as output pin and used for triger ultrasonic sesor, RB2 is set as input and connected to "echo" pin of ultrasonic sensor */
0x020E	0x3005      	MOVLW      5
0x020F	0x0086      	MOVWF      TRISB
;projectFinal.c,94 :: 		T1CON=0x10;// enable Timer1 with prescaler 1:2, is used for triger ultrasonic sensor
0x0210	0x3010      	MOVLW      16
0x0211	0x1283      	BCF        STATUS, 5
0x0212	0x0090      	MOVWF      T1CON
;projectFinal.c,95 :: 		INTCON=0XB0; //enable the global interrupt, external interrupt, and the TM0 overflow interrupt.
0x0213	0x30B0      	MOVLW      176
0x0214	0x008B      	MOVWF      INTCON
;projectFinal.c,96 :: 		OPTION_REG = 0X87; //Set the external interrupt on the faling edge of the IR sensor, 256 prescaler, overflow every 1ms
0x0215	0x3087      	MOVLW      135
0x0216	0x1683      	BSF        STATUS, 5
0x0217	0x0081      	MOVWF      OPTION_REG
;projectFinal.c,98 :: 		Dcntr=0;
0x0218	0x1283      	BCF        STATUS, 5
0x0219	0x01AD      	CLRF       _Dcntr
0x021A	0x01AE      	CLRF       _Dcntr+1
;projectFinal.c,99 :: 		cntr=0;
0x021B	0x01AF      	CLRF       _cntr
;projectFinal.c,100 :: 		Mcntr=0;
0x021C	0x01AB      	CLRF       _Mcntr
0x021D	0x01AC      	CLRF       _Mcntr+1
;projectFinal.c,101 :: 		TMR0=248;
0x021E	0x30F8      	MOVLW      248
0x021F	0x0081      	MOVWF      TMR0
;projectFinal.c,102 :: 		myDelay1(5000);
0x0220	0x3088      	MOVLW      136
0x0221	0x00B2      	MOVWF      FARG_myDelay1_x
0x0222	0x3013      	MOVLW      19
0x0223	0x00B3      	MOVWF      FARG_myDelay1_x+1
0x0224	0x2105      	CALL       _myDelay1
;projectFinal.c,103 :: 		while(1)
L_main17:
;projectFinal.c,105 :: 		TMR1H =0;
0x0225	0x018F      	CLRF       TMR1H
;projectFinal.c,106 :: 		TMR1L =0; //clear the timer bits
0x0226	0x018E      	CLRF       TMR1L
;projectFinal.c,107 :: 		PORTB = (PORTB|0x02);// Enable Triger on pin RB1
0x0227	0x1486      	BSF        PORTB, 1
;projectFinal.c,108 :: 		delay_us(10);// we used the built-in function to give accurate delay and to use it in distance calculations.
0x0228	0x3006      	MOVLW      6
0x0229	0x00FD      	MOVWF      R13
L_main19:
0x022A	0x0BFD      	DECFSZ     R13, 1
0x022B	0x2A2A      	GOTO       L_main19
0x022C	0x0000      	NOP
;projectFinal.c,109 :: 		PORTB = (PORTB&0xFD);   // Disable Triger on RB1
0x022D	0x30FD      	MOVLW      253
0x022E	0x0586      	ANDWF      PORTB, 1
;projectFinal.c,111 :: 		while ((PORTB&0x04) == 0); //when echo is equal to 1, enable timer1
L_main20:
0x022F	0x3004      	MOVLW      4
0x0230	0x0506      	ANDWF      PORTB, 0
0x0231	0x00F1      	MOVWF      R1
0x0232	0x0871      	MOVF       R1, 0
0x0233	0x3A00      	XORLW      0
0x0234	0x1D03      	BTFSS      STATUS, 2
0x0235	0x2A37      	GOTO       L_main21
0x0236	0x2A2F      	GOTO       L_main20
L_main21:
;projectFinal.c,112 :: 		T1CON = (T1CON |0x01);
0x0237	0x1410      	BSF        T1CON, 0
;projectFinal.c,113 :: 		while ((PORTB&0x04) == 1); //when echo becomes 0, disable timer1
L_main22:
0x0238	0x3004      	MOVLW      4
0x0239	0x0506      	ANDWF      PORTB, 0
0x023A	0x00F1      	MOVWF      R1
0x023B	0x0871      	MOVF       R1, 0
0x023C	0x3A01      	XORLW      1
0x023D	0x1D03      	BTFSS      STATUS, 2
0x023E	0x2A40      	GOTO       L_main23
0x023F	0x2A38      	GOTO       L_main22
L_main23:
;projectFinal.c,114 :: 		T1CON=(T1CON&0xFB);
0x0240	0x30FB      	MOVLW      251
0x0241	0x0590      	ANDWF      T1CON, 1
;projectFinal.c,116 :: 		time_taken = (TMR1L | (TMR1H<<8));  // concatenate the Timer1 High and Timer1 Low (16bit)
0x0242	0x080F      	MOVF       TMR1H, 0
0x0243	0x00F1      	MOVWF      R0+1
0x0244	0x01F0      	CLRF       R0
0x0245	0x080E      	MOVF       TMR1L, 0
0x0246	0x04F0      	IORWF      R0, 1
0x0247	0x3000      	MOVLW      0
0x0248	0x04F1      	IORWF      R0+1, 1
0x0249	0x0870      	MOVF       R0, 0
0x024A	0x00A7      	MOVWF      _time_taken
0x024B	0x0871      	MOVF       R0+1, 0
0x024C	0x00A8      	MOVWF      _time_taken+1
;projectFinal.c,117 :: 		distance= (time_taken)/58.58;//    Timer1 Frequency = Fosc / 4 = time_taken * 1 /  2MHz * 2 = time_taken * 1 microsecond
0x024D	0x21CA      	CALL       _int2double
0x024E	0x30EC      	MOVLW      236
0x024F	0x00F4      	MOVWF      R4
0x0250	0x3051      	MOVLW      81
0x0251	0x00F5      	MOVWF      R4+1
0x0252	0x306A      	MOVLW      106
0x0253	0x00F6      	MOVWF      R4+2
0x0254	0x3084      	MOVLW      132
0x0255	0x00F7      	MOVWF      R4+3
0x0256	0x2113      	CALL       _Div_32x32_FP
0x0257	0x20A3      	CALL       _double2int
0x0258	0x0870      	MOVF       R0, 0
0x0259	0x00A9      	MOVWF      _distance
0x025A	0x0871      	MOVF       R0+1, 0
0x025B	0x00AA      	MOVWF      _distance+1
;projectFinal.c,120 :: 		if (distance < 150)    // see if ther is an object with distance < 150cm (the ring diameter )
0x025C	0x3080      	MOVLW      128
0x025D	0x0671      	XORWF      R0+1, 0
0x025E	0x00F2      	MOVWF      R2
0x025F	0x3080      	MOVLW      128
0x0260	0x0272      	SUBWF      R2, 0
0x0261	0x1D03      	BTFSS      STATUS, 2
0x0262	0x2A65      	GOTO       L__main39
0x0263	0x3096      	MOVLW      150
0x0264	0x0270      	SUBWF      R0, 0
L__main39:
0x0265	0x1803      	BTFSC      STATUS, 0
0x0266	0x2A68      	GOTO       L_main24
;projectFinal.c,122 :: 		move_forward();
0x0267	0x2100      	CALL       _move_forward
;projectFinal.c,124 :: 		}
L_main24:
;projectFinal.c,125 :: 		}
0x0268	0x2A25      	GOTO       L_main17
;projectFinal.c,135 :: 		}
L_end_main:
0x0269	0x2A69      	GOTO       $+0
; end of _main
Symbol List:
//** Routines locations **
//ADDRESS    SIZE    PROCEDURE
//----------------------------------------------
0x0004      [61]    _interrupt
0x0041       [7]    _RES032
0x0048      [12]    _SETFUN32
0x0054       [4]    _FIXSIGN32
0x0058      [12]    _SETFOV32
0x0064      [13]    _SETIOV3224
0x0071      [47]    _NRM3232
0x00A0       [3]    _SETFDZ32
0x00A3      [93]    _double2int
0x0100       [5]    _move_forward
0x0105      [14]    _myDelay1
0x0113     [183]    _Div_32x32_FP
0x01CA      [30]    _int2double
0x01E8      [24]    _myDelay2
0x0200       [5]    _move_backward
0x0205       [5]    _turn_right
0x020A      [96]    _main
//** Variables locations ** 
//ADDRESS    SIZE    VARIABLE
//----------------------------------------------
0x0000       [1]    INDF
0x0001       [1]    TMR0
0x0003       [1]    STATUS
0x0004       [1]    FSR
0x0006       [1]    PORTB
0x0008       [1]    PORTD
0x000A       [1]    PCLATH
0x000B       [1]    INTCON
0x000E       [1]    TMR1L
0x000F       [1]    TMR1H
0x0010       [1]    T1CON
0x0020       [1]    __math_tempbD
0x0025       [2]    ___DoICPAddr
0x0027       [2]    _time_taken
0x0029       [2]    _distance
0x002B       [2]    _Mcntr
0x002D       [2]    _Dcntr
0x002F       [1]    _cntr
0x0030       [1]    ___saveSTATUS
0x0031       [1]    ___savePCLATH
0x0032       [2]    FARG_myDelay1_x
0x0070       [1]    R0
0x0071       [1]    R1
0x0072       [1]    R2
0x0073       [1]    R3
0x0074       [1]    R4
0x0075       [1]    R5
0x0076       [1]    R6
0x0077       [1]    R7
0x0078       [1]    R8
0x0079       [1]    R9
0x007A       [1]    R10
0x007B       [1]    R11
0x007C       [1]    R12
0x007D       [1]    R13
0x007E       [1]    R14
0x007F       [1]    R15
0x0081       [1]    OPTION_REG
0x0086       [1]    TRISB
0x0088       [1]    TRISD
